Tue Jun 20 16:00:59 CDT 2017
MaxEnt version 3.3.3k
Reading file absence
readGrid: max memory 530186240, total allocated 85000192, free 54823048, used 30177144, increment -717448
Reading samples from presence
Read samples: max memory 530186240, total allocated 85000192, free 54500608, used 30499584, increment 322440
Adding samples to background in feature space
Command line used:  autorun -e /var/folders/m1/pws5jswx4bz1t1jdhvbyfctc0000gp/T//RtmpesZ2rC/raster//maxent/2745154366/absence -o /var/folders/m1/pws5jswx4bz1t1jdhvbyfctc0000gp/T//RtmpesZ2rC/raster//maxent/2745154366 -s /var/folders/m1/pws5jswx4bz1t1jdhvbyfctc0000gp/T//RtmpesZ2rC/raster//maxent/2745154366/presence -z
Command line to repeat: java density.MaxEnt nowarnings noprefixes outputdirectory=/var/folders/m1/pws5jswx4bz1t1jdhvbyfctc0000gp/T//RtmpesZ2rC/raster//maxent/2745154366 samplesfile=/var/folders/m1/pws5jswx4bz1t1jdhvbyfctc0000gp/T//RtmpesZ2rC/raster//maxent/2745154366/presence environmentallayers=/var/folders/m1/pws5jswx4bz1t1jdhvbyfctc0000gp/T//RtmpesZ2rC/raster//maxent/2745154366/absence autorun novisible
Species: species
Layers: ppt tmean vpdmax vpdmin
Layertypes: Continuous Continuous Continuous Continuous
outputdirectory: /var/folders/m1/pws5jswx4bz1t1jdhvbyfctc0000gp/T//RtmpesZ2rC/raster//maxent/2745154366
samplesfile: /var/folders/m1/pws5jswx4bz1t1jdhvbyfctc0000gp/T//RtmpesZ2rC/raster//maxent/2745154366/presence
environmentallayers: /var/folders/m1/pws5jswx4bz1t1jdhvbyfctc0000gp/T//RtmpesZ2rC/raster//maxent/2745154366/absence
autorun: true
visible: false

getSamples: max memory 530186240, total allocated 85000192, free 54151288, used 30848904, increment 349320
Making features
makeFeatures: max memory 530186240, total allocated 85000192, free 53110560, used 31889632, increment 1040728
species: 
Regularization values: linear/quadratic/product: 1.000, categorical: 0.575, threshold: 1.950, hinge: 0.500
5 samples
Density: max memory 530186240, total allocated 85000192, free 53030504, used 31969688, increment 80056
linearPredictor: max memory 530186240, total allocated 85000192, free 52950448, used 32049744, increment 80056
FeaturedSpace: max memory 530186240, total allocated 85000192, free 52950448, used 32049744, increment 0
Sequential: max memory 530186240, total allocated 85000192, free 52950448, used 32049744, increment 0
Initial loss: 9.210840247017833
100: time = 0.056000 loss = 8.084564
Resulting gain: 1.1262758995250461
Projecting...
Writing file /var/folders/m1/pws5jswx4bz1t1jdhvbyfctc0000gp/T/RtmpesZ2rC/raster/maxent/2745154366/species.csv
Ending
